This file contains any messages produced by compilers while
running configure, to aid debugging if configure makes a mistake.

It was created by configure, which was
generated by GNU Autoconf 2.69.  Invocation command line was

  $ ./configure 

## --------- ##
## Platform. ##
## --------- ##

hostname = Alexs-MBP.attlocal.net
uname -m = x86_64
uname -r = 20.5.0
uname -s = Darwin
uname -v = Darwin Kernel Version 20.5.0: Sat May  8 05:10:31 PDT 2021; root:xnu-7195.121.3~9/RELEASE_ARM64_T8101

/usr/bin/uname -p = i386
/bin/uname -X     = unknown

/bin/arch              = unknown
/usr/bin/arch -k       = unknown
/usr/convex/getsysinfo = unknown
/usr/bin/hostinfo      = Mach kernel version:
	 Darwin Kernel Version 20.5.0: Sat May  8 05:10:31 PDT 2021; root:xnu-7195.121.3~9/RELEASE_ARM64_T8101
Kernel configured for up to 8 processors.
8 processors are physically available.
8 processors are logically available.
Processor type: i486 (Intel 80486)
Processors active: 0 1 2 3 4 5 6 7
Primary memory available: 8.00 gigabytes
Default processor set: 383 tasks, 2165 threads, 8 processors
Load average: 2.00, Mach factor: 6.03
/bin/machine           = unknown
/usr/bin/oslevel       = unknown
/bin/universe          = unknown

PATH: /opt/homebrew/anaconda3/envs/test/bin
PATH: /opt/homebrew/anaconda3/condabin
PATH: /opt/homebrew/anaconda3/bin
PATH: /Users/alex/opt/anaconda3/bin
PATH: /opt/homebrew/bin
PATH: /opt/homebrew/sbin
PATH: /usr/local/bin
PATH: /usr/bin
PATH: /bin
PATH: /usr/sbin
PATH: /sbin
PATH: /usr/local/share/dotnet
PATH: ~/.dotnet/tools
PATH: /Library/Apple/usr/bin
PATH: /Library/Frameworks/Mono.framework/Versions/Current/Commands


## ----------- ##
## Core tests. ##
## ----------- ##

configure:1865: checking for x86_64-apple-darwin13.4.0-gcc
configure:1892: result: x86_64-apple-darwin13.4.0-clang
configure:2161: checking for C compiler version
configure:2170: x86_64-apple-darwin13.4.0-clang --version >&5
clang version 12.0.1
Target: x86_64-apple-darwin13.4.0
Thread model: posix
InstalledDir: /opt/homebrew/anaconda3/envs/test/bin
configure:2181: $? = 0
configure:2170: x86_64-apple-darwin13.4.0-clang -v >&5
clang version 12.0.1
Target: x86_64-apple-darwin13.4.0
Thread model: posix
InstalledDir: /opt/homebrew/anaconda3/envs/test/bin
configure:2181: $? = 0
configure:2170: x86_64-apple-darwin13.4.0-clang -V >&5
clang-12: error: argument to '-V' is missing (expected 1 value)
clang-12: error: no input files
configure:2181: $? = 1
configure:2170: x86_64-apple-darwin13.4.0-clang -qversion >&5
clang-12: error: unknown argument '-qversion'; did you mean '--version'?
clang-12: error: no input files
configure:2181: $? = 1
configure:2201: checking whether the C compiler works
configure:2223: x86_64-apple-darwin13.4.0-clang -march=core2 -mtune=haswell -mssse3 -ftree-vectorize -fPIC -fPIE -fstack-protector-strong -O2 -pipe -isystem /opt/homebrew/anaconda3/envs/test/include -fdebug-prefix-map=/Users/runner/miniforge3/conda-bld/r-base-split_1625580145945/work=/usr/local/src/conda/r-base-4.1.0 -fdebug-prefix-map=/opt/homebrew/anaconda3/envs/test=/usr/local/src/conda-prefix -UNDEBUG -Wall -pedantic -g -O0 -fdiagnostics-color=always -D_FORTIFY_SOURCE=2 -isystem /opt/homebrew/anaconda3/envs/test/include -Wl,-pie -Wl,-headerpad_max_install_names -Wl,-dead_strip_dylibs -Wl,-rpath,/opt/homebrew/anaconda3/envs/test/lib -L/opt/homebrew/anaconda3/envs/test/lib conftest.c  >&5
configure:2227: $? = 0
configure:2275: result: yes
configure:2278: checking for C compiler default output file name
configure:2280: result: a.out
configure:2286: checking for suffix of executables
configure:2293: x86_64-apple-darwin13.4.0-clang -o conftest -march=core2 -mtune=haswell -mssse3 -ftree-vectorize -fPIC -fPIE -fstack-protector-strong -O2 -pipe -isystem /opt/homebrew/anaconda3/envs/test/include -fdebug-prefix-map=/Users/runner/miniforge3/conda-bld/r-base-split_1625580145945/work=/usr/local/src/conda/r-base-4.1.0 -fdebug-prefix-map=/opt/homebrew/anaconda3/envs/test=/usr/local/src/conda-prefix -UNDEBUG -Wall -pedantic -g -O0 -fdiagnostics-color=always -D_FORTIFY_SOURCE=2 -isystem /opt/homebrew/anaconda3/envs/test/include -Wl,-pie -Wl,-headerpad_max_install_names -Wl,-dead_strip_dylibs -Wl,-rpath,/opt/homebrew/anaconda3/envs/test/lib -L/opt/homebrew/anaconda3/envs/test/lib conftest.c  >&5
configure:2297: $? = 0
configure:2319: result: 
configure:2341: checking whether we are cross compiling
configure:2349: x86_64-apple-darwin13.4.0-clang -o conftest -march=core2 -mtune=haswell -mssse3 -ftree-vectorize -fPIC -fPIE -fstack-protector-strong -O2 -pipe -isystem /opt/homebrew/anaconda3/envs/test/include -fdebug-prefix-map=/Users/runner/miniforge3/conda-bld/r-base-split_1625580145945/work=/usr/local/src/conda/r-base-4.1.0 -fdebug-prefix-map=/opt/homebrew/anaconda3/envs/test=/usr/local/src/conda-prefix -UNDEBUG -Wall -pedantic -g -O0 -fdiagnostics-color=always -D_FORTIFY_SOURCE=2 -isystem /opt/homebrew/anaconda3/envs/test/include -Wl,-pie -Wl,-headerpad_max_install_names -Wl,-dead_strip_dylibs -Wl,-rpath,/opt/homebrew/anaconda3/envs/test/lib -L/opt/homebrew/anaconda3/envs/test/lib conftest.c  >&5
configure:2353: $? = 0
configure:2360: ./conftest
configure:2364: $? = 0
configure:2379: result: no
configure:2384: checking for suffix of object files
configure:2406: x86_64-apple-darwin13.4.0-clang -c -march=core2 -mtune=haswell -mssse3 -ftree-vectorize -fPIC -fPIE -fstack-protector-strong -O2 -pipe -isystem /opt/homebrew/anaconda3/envs/test/include -fdebug-prefix-map=/Users/runner/miniforge3/conda-bld/r-base-split_1625580145945/work=/usr/local/src/conda/r-base-4.1.0 -fdebug-prefix-map=/opt/homebrew/anaconda3/envs/test=/usr/local/src/conda-prefix -UNDEBUG -Wall -pedantic -g -O0 -fdiagnostics-color=always -D_FORTIFY_SOURCE=2 -isystem /opt/homebrew/anaconda3/envs/test/include conftest.c >&5
configure:2410: $? = 0
configure:2431: result: o
configure:2435: checking whether we are using the GNU C compiler
configure:2454: x86_64-apple-darwin13.4.0-clang -c -march=core2 -mtune=haswell -mssse3 -ftree-vectorize -fPIC -fPIE -fstack-protector-strong -O2 -pipe -isystem /opt/homebrew/anaconda3/envs/test/include -fdebug-prefix-map=/Users/runner/miniforge3/conda-bld/r-base-split_1625580145945/work=/usr/local/src/conda/r-base-4.1.0 -fdebug-prefix-map=/opt/homebrew/anaconda3/envs/test=/usr/local/src/conda-prefix -UNDEBUG -Wall -pedantic -g -O0 -fdiagnostics-color=always -D_FORTIFY_SOURCE=2 -isystem /opt/homebrew/anaconda3/envs/test/include conftest.c >&5
configure:2454: $? = 0
configure:2463: result: yes
configure:2472: checking whether x86_64-apple-darwin13.4.0-clang accepts -g
configure:2492: x86_64-apple-darwin13.4.0-clang -c -g -D_FORTIFY_SOURCE=2 -isystem /opt/homebrew/anaconda3/envs/test/include conftest.c >&5
configure:2492: $? = 0
configure:2533: result: yes
configure:2550: checking for x86_64-apple-darwin13.4.0-clang option to accept ISO C89
configure:2613: x86_64-apple-darwin13.4.0-clang  -c -march=core2 -mtune=haswell -mssse3 -ftree-vectorize -fPIC -fPIE -fstack-protector-strong -O2 -pipe -isystem /opt/homebrew/anaconda3/envs/test/include -fdebug-prefix-map=/Users/runner/miniforge3/conda-bld/r-base-split_1625580145945/work=/usr/local/src/conda/r-base-4.1.0 -fdebug-prefix-map=/opt/homebrew/anaconda3/envs/test=/usr/local/src/conda-prefix -UNDEBUG -Wall -pedantic -g -O0 -fdiagnostics-color=always -D_FORTIFY_SOURCE=2 -isystem /opt/homebrew/anaconda3/envs/test/include conftest.c >&5
configure:2613: $? = 0
configure:2626: result: none needed
configure:2651: checking how to run the C preprocessor
configure:2721: result: x86_64-apple-darwin13.4.0-clang -E
configure:2741: x86_64-apple-darwin13.4.0-clang -E -D_FORTIFY_SOURCE=2 -isystem /opt/homebrew/anaconda3/envs/test/include conftest.c
configure:2741: $? = 0
configure:2755: x86_64-apple-darwin13.4.0-clang -E -D_FORTIFY_SOURCE=2 -isystem /opt/homebrew/anaconda3/envs/test/include conftest.c
conftest.c:9:10: fatal error: 'ac_nonexistent.h' file not found
#include <ac_nonexistent.h>
         ^~~~~~~~~~~~~~~~~~
1 error generated.
configure:2755: $? = 1
configure: failed program was:
| /* confdefs.h */
| #define PACKAGE_NAME ""
| #define PACKAGE_TARNAME ""
| #define PACKAGE_VERSION ""
| #define PACKAGE_STRING ""
| #define PACKAGE_BUGREPORT ""
| #define PACKAGE_URL ""
| /* end confdefs.h.  */
| #include <ac_nonexistent.h>
configure:2791: checking for x86_64-apple-darwin13.4.0-gcc
configure:2818: result: x86_64-apple-darwin13.4.0-clang
configure:3087: checking for C compiler version
configure:3096: x86_64-apple-darwin13.4.0-clang --version >&5
clang version 12.0.1
Target: x86_64-apple-darwin13.4.0
Thread model: posix
InstalledDir: /opt/homebrew/anaconda3/envs/test/bin
configure:3107: $? = 0
configure:3096: x86_64-apple-darwin13.4.0-clang -v >&5
clang version 12.0.1
Target: x86_64-apple-darwin13.4.0
Thread model: posix
InstalledDir: /opt/homebrew/anaconda3/envs/test/bin
configure:3107: $? = 0
configure:3096: x86_64-apple-darwin13.4.0-clang -V >&5
clang-12: error: argument to '-V' is missing (expected 1 value)
clang-12: error: no input files
configure:3107: $? = 1
configure:3096: x86_64-apple-darwin13.4.0-clang -qversion >&5
clang-12: error: unknown argument '-qversion'; did you mean '--version'?
clang-12: error: no input files
configure:3107: $? = 1
configure:3111: checking whether we are using the GNU C compiler
configure:3139: result: yes
configure:3148: checking whether x86_64-apple-darwin13.4.0-clang accepts -g
configure:3209: result: yes
configure:3226: checking for x86_64-apple-darwin13.4.0-clang option to accept ISO C89
configure:3302: result: none needed
configure:3336: checking for x86_64-apple-darwin13.4.0-pkg-config
configure:3369: result: no
configure:3379: checking for pkg-config
configure:3412: result: no
configure:3448: checking for FFTW
configure:3513: error: in `/Users/alex/Desktop/research/pmd/package/fftw_1.0-6/fftw':
configure:3515: error: The pkg-config script could not be found or is too old.  Make sure it
is in your PATH or set the PKG_CONFIG environment variable to the full
path to pkg-config.

Alternatively, you may set the environment variables FFTW_CFLAGS
and FFTW_LIBS to avoid the need to call pkg-config.
See the pkg-config man page for more details.

To get pkg-config, see <http://pkg-config.freedesktop.org/>.
See `config.log' for more details

## ---------------- ##
## Cache variables. ##
## ---------------- ##

ac_cv_c_compiler_gnu=yes
ac_cv_env_CC_set=set
ac_cv_env_CC_value=x86_64-apple-darwin13.4.0-clang
ac_cv_env_CFLAGS_set=set
ac_cv_env_CFLAGS_value='-march=core2 -mtune=haswell -mssse3 -ftree-vectorize -fPIC -fPIE -fstack-protector-strong -O2 -pipe -isystem /opt/homebrew/anaconda3/envs/test/include'
ac_cv_env_CPPFLAGS_set=set
ac_cv_env_CPPFLAGS_value='-D_FORTIFY_SOURCE=2 -isystem /opt/homebrew/anaconda3/envs/test/include'
ac_cv_env_CPP_set=
ac_cv_env_CPP_value=
ac_cv_env_FFTW_CFLAGS_set=
ac_cv_env_FFTW_CFLAGS_value=
ac_cv_env_FFTW_LIBS_set=
ac_cv_env_FFTW_LIBS_value=
ac_cv_env_LDFLAGS_set=set
ac_cv_env_LDFLAGS_value='-Wl,-pie -Wl,-headerpad_max_install_names -Wl,-dead_strip_dylibs -Wl,-rpath,/opt/homebrew/anaconda3/envs/test/lib -L/opt/homebrew/anaconda3/envs/test/lib'
ac_cv_env_LIBS_set=
ac_cv_env_LIBS_value=
ac_cv_env_PKG_CONFIG_set=
ac_cv_env_PKG_CONFIG_value=
ac_cv_env_build_alias_set=set
ac_cv_env_build_alias_value=x86_64-apple-darwin13.4.0
ac_cv_env_host_alias_set=set
ac_cv_env_host_alias_value=x86_64-apple-darwin13.4.0
ac_cv_env_target_alias_set=
ac_cv_env_target_alias_value=
ac_cv_func_malloc_0_nonnull=yes
ac_cv_func_realloc_0_nonnull=yes
ac_cv_objext=o
ac_cv_prog_CC=x86_64-apple-darwin13.4.0-clang
ac_cv_prog_CPP='x86_64-apple-darwin13.4.0-clang -E'
ac_cv_prog_cc_c89=
ac_cv_prog_cc_g=yes

## ----------------- ##
## Output variables. ##
## ----------------- ##

CC='x86_64-apple-darwin13.4.0-clang'
CFLAGS='-march=core2 -mtune=haswell -mssse3 -ftree-vectorize -fPIC -fPIE -fstack-protector-strong -O2 -pipe -isystem /opt/homebrew/anaconda3/envs/test/include -fdebug-prefix-map=/Users/runner/miniforge3/conda-bld/r-base-split_1625580145945/work=/usr/local/src/conda/r-base-4.1.0 -fdebug-prefix-map=/opt/homebrew/anaconda3/envs/test=/usr/local/src/conda-prefix -UNDEBUG -Wall -pedantic -g -O0 -fdiagnostics-color=always'
CPP='x86_64-apple-darwin13.4.0-clang -E'
CPPFLAGS='-D_FORTIFY_SOURCE=2 -isystem /opt/homebrew/anaconda3/envs/test/include'
CXXFLAGS='-march=core2 -mtune=haswell -mssse3 -ftree-vectorize -fPIC -fPIE -fstack-protector-strong -O2 -pipe -stdlib=libc++ -fvisibility-inlines-hidden -fmessage-length=0 -isystem /opt/homebrew/anaconda3/envs/test/include -fdebug-prefix-map=/Users/runner/miniforge3/conda-bld/r-base-split_1625580145945/work=/usr/local/src/conda/r-base-4.1.0 -fdebug-prefix-map=/opt/homebrew/anaconda3/envs/test=/usr/local/src/conda-prefix -UNDEBUG -Wall -pedantic -g -O0 -fdiagnostics-color=always'
DEFS=''
ECHO_C='\c'
ECHO_N=''
ECHO_T=''
EXEEXT=''
FFTW_CFLAGS=''
FFTW_LIBS=''
LDFLAGS='-Wl,-pie -Wl,-headerpad_max_install_names -Wl,-dead_strip_dylibs -Wl,-rpath,/opt/homebrew/anaconda3/envs/test/lib -L/opt/homebrew/anaconda3/envs/test/lib'
LIBOBJS=''
LIBS=''
LTLIBOBJS=''
OBJEXT='o'
PACKAGE_BUGREPORT=''
PACKAGE_NAME=''
PACKAGE_STRING=''
PACKAGE_TARNAME=''
PACKAGE_URL=''
PACKAGE_VERSION=''
PATH_SEPARATOR=':'
PKG_CONFIG=''
SHELL='/bin/sh'
ac_ct_CC=''
bindir='${exec_prefix}/bin'
build_alias='x86_64-apple-darwin13.4.0'
datadir='${datarootdir}'
datarootdir='${prefix}/share'
docdir='${datarootdir}/doc/${PACKAGE}'
dvidir='${docdir}'
exec_prefix='NONE'
host_alias='x86_64-apple-darwin13.4.0'
htmldir='${docdir}'
includedir='${prefix}/include'
infodir='${datarootdir}/info'
libdir='${exec_prefix}/lib'
libexecdir='${exec_prefix}/libexec'
localedir='${datarootdir}/locale'
localstatedir='${prefix}/var'
mandir='${datarootdir}/man'
oldincludedir='/usr/include'
pdfdir='${docdir}'
prefix='NONE'
program_transform_name='s,x,x,'
psdir='${docdir}'
runstatedir='${localstatedir}/run'
sbindir='${exec_prefix}/sbin'
sharedstatedir='${prefix}/com'
sysconfdir='${prefix}/etc'
target_alias=''

## ----------- ##
## confdefs.h. ##
## ----------- ##

/* confdefs.h */
#define PACKAGE_NAME ""
#define PACKAGE_TARNAME ""
#define PACKAGE_VERSION ""
#define PACKAGE_STRING ""
#define PACKAGE_BUGREPORT ""
#define PACKAGE_URL ""

configure: exit 1
